<?xml version="1.0" encoding="UTF-8"?>
<!-- Generated by org.testng.reporters.JUnitReportReporter -->
<testsuite hostname="KDC1-L-01349N5" failures="0" tests="1" name="Demo1.Flipkart" time="47.858" errors="0" timestamp="2022-03-23T22:37:00 IST" skipped="0">
  <testcase classname="Demo1.Flipkart" name="main" time="47.858"/>
  <system-out/>
</testsuite> <!-- Demo1.Flipkart -->
